TN:
SF:src/config/nodemailer.ts
FN:4,(anonymous_1)
FNF:1
FNH:1
FNDA:3,(anonymous_1)
DA:1,3
DA:2,3
DA:4,3
DA:5,3
DA:15,3
LF:5
LH:5
BRF:0
BRH:0
end_of_record
TN:
SF:src/controllers/AuthController.ts
FN:12,(anonymous_1)
FN:23,(anonymous_2)
FN:43,(anonymous_3)
FN:65,(anonymous_4)
FN:94,(anonymous_5)
FN:118,(anonymous_6)
FN:136,(anonymous_7)
FN:161,(anonymous_8)
FN:167,(anonymous_9)
FN:195,(anonymous_10)
FN:215,(anonymous_11)
FN:217,(anonymous_12)
FNF:12
FNH:2
FNDA:0,(anonymous_1)
FNDA:1,(anonymous_2)
FNDA:0,(anonymous_3)
FNDA:4,(anonymous_4)
FNDA:0,(anonymous_5)
FNDA:0,(anonymous_6)
FNDA:0,(anonymous_7)
FNDA:0,(anonymous_8)
FNDA:0,(anonymous_9)
FNDA:0,(anonymous_10)
FNDA:0,(anonymous_11)
FNDA:0,(anonymous_12)
DA:2,3
DA:3,3
DA:9,3
DA:12,3
DA:13,0
DA:14,0
DA:16,0
DA:19,0
DA:23,3
DA:24,1
DA:25,1
DA:27,1
DA:28,1
DA:30,1
DA:32,1
DA:34,1
DA:39,0
DA:43,3
DA:44,0
DA:45,0
DA:47,0
DA:49,0
DA:50,0
DA:51,0
DA:54,0
DA:55,0
DA:56,0
DA:58,0
DA:61,0
DA:65,3
DA:66,4
DA:67,4
DA:68,4
DA:71,4
DA:72,1
DA:73,1
DA:77,3
DA:79,2
DA:80,1
DA:81,1
DA:85,1
DA:87,1
DA:90,1
DA:94,3
DA:95,0
DA:96,0
DA:98,0
DA:100,0
DA:101,0
DA:103,0
DA:109,0
DA:114,0
DA:118,3
DA:119,0
DA:120,0
DA:122,0
DA:124,0
DA:125,0
DA:126,0
DA:129,0
DA:132,0
DA:136,3
DA:137,0
DA:138,0
DA:139,0
DA:141,0
DA:143,0
DA:144,0
DA:145,0
DA:148,0
DA:150,0
DA:151,0
DA:152,0
DA:154,0
DA:157,0
DA:161,3
DA:162,0
DA:164,0
DA:167,3
DA:168,0
DA:170,0
DA:172,0
DA:173,0
DA:174,0
DA:177,0
DA:182,0
DA:183,0
DA:184,0
DA:187,0
DA:189,0
DA:190,0
DA:192,0
DA:195,3
DA:196,0
DA:198,0
DA:200,0
DA:201,0
DA:202,0
DA:205,0
DA:207,0
DA:208,0
DA:209,0
DA:212,0
DA:215,3
DA:217,3
DA:220,3
LF:106
LH:36
BRDA:49,0,0,0
BRDA:71,1,0,1
BRDA:79,2,0,1
BRDA:124,3,0,0
BRDA:143,4,0,0
BRDA:172,5,0,0
BRDA:182,6,0,0
BRDA:200,7,0,0
BRDA:207,8,0,0
BRF:9
BRH:2
end_of_record
TN:
SF:src/controllers/BudgetController.ts
FN:6,(anonymous_1)
FN:22,(anonymous_2)
FN:37,(anonymous_3)
FN:45,(anonymous_4)
FN:52,(anonymous_5)
FNF:5
FNH:5
FNDA:4,(anonymous_1)
FNDA:2,(anonymous_2)
FNDA:3,(anonymous_3)
FNDA:1,(anonymous_4)
FNDA:1,(anonymous_5)
DA:2,3
DA:3,3
DA:5,3
DA:6,3
DA:7,4
DA:8,4
DA:13,3
DA:16,1
DA:22,3
DA:23,2
DA:24,2
DA:25,1
DA:26,1
DA:28,1
DA:31,1
DA:37,3
DA:38,3
DA:42,3
DA:45,3
DA:46,1
DA:47,1
DA:49,1
DA:52,3
DA:53,1
DA:54,1
DA:56,1
LF:26
LH:26
BRF:0
BRH:0
end_of_record
TN:
SF:src/controllers/ExpenseController.ts
FN:5,(anonymous_1)
FN:19,(anonymous_2)
FN:36,(anonymous_3)
FN:42,(anonymous_4)
FN:50,(anonymous_5)
FNF:5
FNH:5
FNDA:2,(anonymous_1)
FNDA:2,(anonymous_2)
FNDA:1,(anonymous_3)
FNDA:1,(anonymous_4)
FNDA:2,(anonymous_5)
DA:2,3
DA:4,3
DA:5,3
DA:6,2
DA:7,2
DA:8,2
DA:10,2
DA:12,1
DA:15,1
DA:19,3
DA:20,2
DA:21,2
DA:23,2
DA:29,1
DA:32,1
DA:36,3
DA:37,1
DA:39,1
DA:42,3
DA:43,1
DA:45,1
DA:47,1
DA:50,3
DA:51,2
DA:52,2
DA:54,2
DA:56,1
DA:59,1
LF:28
LH:28
BRF:0
BRH:0
end_of_record
TN:
SF:src/controllers/index.ts
FN:1,(anonymous_0)
FN:2,(anonymous_1)
FN:3,(anonymous_2)
FNF:3
FNH:3
FNDA:11,(anonymous_0)
FNDA:8,(anonymous_1)
FNDA:5,(anonymous_2)
DA:1,14
DA:2,11
DA:3,8
LF:3
LH:3
BRF:0
BRH:0
end_of_record
TN:
SF:src/middlewares/budget-middleware.ts
FN:5,(anonymous_1)
FN:31,(anonymous_2)
FN:39,(anonymous_3)
FN:53,(anonymous_4)
FN:64,(anonymous_5)
FN:71,(anonymous_6)
FNF:6
FNH:2
FNDA:3,(anonymous_1)
FNDA:0,(anonymous_2)
FNDA:0,(anonymous_3)
FNDA:0,(anonymous_4)
FNDA:0,(anonymous_5)
FNDA:2,(anonymous_6)
DA:2,1
DA:3,1
DA:5,1
DA:10,3
DA:11,3
DA:13,3
DA:15,2
DA:16,1
DA:17,1
DA:20,1
DA:22,1
DA:25,1
DA:31,1
DA:36,0
DA:39,0
DA:43,0
DA:45,0
DA:46,0
DA:47,0
DA:50,0
DA:53,1
DA:58,0
DA:64,0
DA:68,0
DA:71,1
DA:76,2
DA:77,1
DA:78,1
DA:81,1
LF:29
LH:19
BRDA:15,0,0,1
BRDA:45,1,0,0
BRDA:76,2,0,1
BRF:3
BRH:2
end_of_record
TN:
SF:src/middlewares/expense-middleware.ts
FN:5,(anonymous_1)
FN:13,(anonymous_2)
FN:27,(anonymous_3)
FN:51,(anonymous_4)
FN:62,(anonymous_5)
FNF:5
FNH:1
FNDA:0,(anonymous_1)
FNDA:0,(anonymous_2)
FNDA:3,(anonymous_3)
FNDA:0,(anonymous_4)
FNDA:0,(anonymous_5)
DA:2,1
DA:3,1
DA:5,1
DA:10,0
DA:13,0
DA:17,0
DA:19,0
DA:20,0
DA:21,0
DA:24,0
DA:27,1
DA:32,3
DA:33,3
DA:35,3
DA:37,2
DA:38,1
DA:39,1
DA:42,1
DA:44,1
DA:47,1
DA:51,1
DA:56,0
DA:62,0
DA:66,0
LF:24
LH:14
BRDA:19,0,0,0
BRDA:37,1,0,1
BRF:2
BRH:1
end_of_record
TN:
SF:src/models/Budget.ts
FN:33,(anonymous_3)
FN:40,(anonymous_4)
FN:43,(anonymous_5)
FNF:3
FNH:0
FNDA:0,(anonymous_3)
FNDA:0,(anonymous_4)
FNDA:0,(anonymous_5)
DA:1,3
DA:11,3
DA:12,3
DA:20,3
DA:25,3
DA:31,3
DA:33,0
DA:37,3
DA:40,0
DA:41,3
DA:43,0
DA:44,3
DA:47,3
LF:13
LH:10
BRF:0
BRH:0
end_of_record
TN:
SF:src/models/Expense.ts
FN:29,(anonymous_3)
FN:33,(anonymous_4)
FNF:2
FNH:0
FNDA:0,(anonymous_3)
FNDA:0,(anonymous_4)
DA:1,3
DA:10,3
DA:15,3
DA:20,3
DA:26,3
DA:29,0
DA:30,3
DA:33,0
DA:34,3
DA:37,3
LF:10
LH:8
BRF:0
BRH:0
end_of_record
TN:
SF:src/models/User.ts
FN:41,(anonymous_3)
FNF:1
FNH:0
FNDA:0,(anonymous_3)
DA:1,3
DA:11,3
DA:19,3
DA:22,3
DA:26,3
DA:31,3
DA:34,3
DA:38,3
DA:41,0
DA:45,3
DA:48,3
LF:11
LH:10
BRF:0
BRH:0
end_of_record
TN:
SF:src/service/AuthEmail.ts
FN:10,(anonymous_0)
FN:23,(anonymous_1)
FNF:2
FNH:0
FNDA:0,(anonymous_0)
FNDA:0,(anonymous_1)
DA:1,3
DA:9,3
DA:10,3
DA:11,0
DA:23,3
DA:24,0
LF:6
LH:4
BRF:0
BRH:0
end_of_record
TN:
SF:src/tests/mocks/budgets.ts
FNF:0
FNH:0
DA:1,4
LF:1
LH:1
BRF:0
BRH:0
end_of_record
TN:
SF:src/utils/auth.ts
FN:3,hashPassword
FN:8,checkPassword
FNF:2
FNH:0
FNDA:0,hashPassword
FNDA:0,checkPassword
DA:1,3
DA:3,3
DA:4,0
DA:5,0
DA:8,3
DA:12,0
LF:6
LH:3
BRF:0
BRH:0
end_of_record
TN:
SF:src/utils/index.ts
FN:1,(anonymous_0)
FN:1,(anonymous_1)
FN:2,(anonymous_2)
FN:3,(anonymous_3)
FNF:4
FNH:4
FNDA:3,(anonymous_0)
FNDA:10,(anonymous_1)
FNDA:3,(anonymous_2)
FNDA:3,(anonymous_3)
DA:1,13
DA:2,6
DA:3,6
LF:3
LH:3
BRF:0
BRH:0
end_of_record
TN:
SF:src/utils/jwt.ts
FN:7,generateJWT
FNF:1
FNH:0
FNDA:0,generateJWT
DA:1,3
DA:7,3
DA:8,0
DA:9,0
LF:4
LH:2
BRF:0
BRH:0
end_of_record
TN:
SF:src/utils/token.ts
FN:1,(anonymous_0)
FNF:1
FNH:0
FNDA:0,(anonymous_0)
DA:1,3
DA:2,0
LF:2
LH:1
BRF:0
BRH:0
end_of_record
